<?xml version="1.0" encoding="UTF-8"?>
<!-- Generated by org.testng.reporters.JUnitXMLReporter -->
<testsuite hostname="computer" ignored="0" name="Default test" tests="3" failures="0" timestamp="26 Mar 2020 05:14:50 GMT" time="75.937" errors="0">
  <testcase name="verify_title" time="36.126" classname="PracticeTestCases.Window_handling_TestCases"/>
  <testcase name="Verify_PageSource" time="2.929" classname="PracticeTestCases.Window_handling_TestCases"/>
  <testcase name="Verify_title" time="6.979" classname="PracticeTestCases.Window_handling_TestCases"/>
</testsuite> <!-- Default test -->
