<?xml version="1.0" encoding="UTF-8"?>
<!-- Generated by org.testng.reporters.JUnitXMLReporter -->
<testsuite hostname="computer" ignored="0" name="Free CRM App Test Cases" tests="3" failures="0" timestamp="26 Mar 2020 15:12:26 GMT" time="50.055" errors="0">
  <testcase name="verify_title" time="12.86" classname="PracticeTestCases.Window_handling_TestCases"/>
  <testcase name="Verify_PageSource" time="2.807" classname="PracticeTestCases.Window_handling_TestCases"/>
  <testcase name="Verify_title" time="16.981" classname="PracticeTestCases.Window_handling_TestCases"/>
</testsuite> <!-- Free CRM App Test Cases -->
